<!DOCTYPE html PUBLIC "-//W3C//DTD XHTML 1.1//EN" "https://www.w3.org/TR/xhtml11/DTD/xhtml11.dtd">
<html xmlns="https://www.w3.org/1999/xhtml">
<head>
<meta http-equiv="content-type" content="text/html; charset=UTF-8"/>
<title>TestNG Report</title>
<style type="text/css">table {margin-bottom:10px;border-collapse:collapse;empty-cells:show}th,td {border:1px solid #009;padding:.25em .5em}th {vertical-align:bottom}td {vertical-align:top}table a {font-weight:bold}.stripe td {background-color: #E6EBF9}.num {text-align:right}.passedodd td {background-color: #3F3}.passedeven td {background-color: #0A0}.skippedodd td {background-color: #DDD}.skippedeven td {background-color: #CCC}.failedodd td,.attn {background-color: #F33}.failedeven td,.stripe .attn {background-color: #D00}.stacktrace {white-space:pre;font-family:monospace}.totop {font-size:85%;text-align:center;border-bottom:2px solid #000}.invisible {display:none}</style>
</head>
<body>
<table>
<tr><th>Test</th><th># Passed</th><th># Skipped</th><th># Retried</th><th># Failed</th><th>Time (ms)</th><th>Included Groups</th><th>Excluded Groups</th></tr>
<tr><th colspan="8">Suite</th></tr>
<tr><td><a href="#t0">Login Test</a></td><td class="num">4</td><td class="num">0</td><td class="num">0</td><td class="num">0</td><td class="num">26,877</td><td></td><td></td></tr>
<tr class="stripe"><td><a href="#t1">Parking Area Module Test</a></td><td class="num">13</td><td class="num">0</td><td class="num">0</td><td class="num attn">1</td><td class="num">341,780</td><td></td><td></td></tr>
<tr><td><a href="#t2">User Module Test</a></td><td class="num">10</td><td class="num">0</td><td class="num">0</td><td class="num attn">1</td><td class="num">286,989</td><td></td><td></td></tr>
<tr class="stripe"><td><a href="#t3">Filter And Search Test</a></td><td class="num">7</td><td class="num">0</td><td class="num">0</td><td class="num">0</td><td class="num">86,396</td><td></td><td></td></tr>
<tr><td><a href="#t4">Permission Test</a></td><td class="num">5</td><td class="num">0</td><td class="num attn">3</td><td class="num attn">3</td><td class="num">383,775</td><td></td><td></td></tr>
<tr><th>Total</th><th class="num">39</th><th class="num">0</th><th class="num attn">3</th><th class="num attn">5</th><th class="num">1,125,817</th><th colspan="2"></th></tr>
</table>
<table id='summary'><thead><tr><th>Class</th><th>Method</th><th>Start</th><th>Time (ms)</th></tr></thead><tbody><tr><th colspan="4">Suite</th></tr></tbody><tbody id="t0"><tr><th colspan="4">Login Test &#8212; passed</th></tr><tr class="passedeven"><td rowspan="4">automation.AdminTest.AllLoginTest</td><td><a href="#m0">loginWithAccess</a></td><td rowspan="1">1714445382145</td><td rowspan="1">5066</td></tr><tr class="passedeven"><td><a href="#m1">loginWithInvalidPassword</a></td><td rowspan="1">1714445389565</td><td rowspan="1">4334</td></tr><tr class="passedeven"><td><a href="#m2">loginWithInvalidUserName</a></td><td rowspan="1">1714445400871</td><td rowspan="1">2371</td></tr><tr class="passedeven"><td><a href="#m3">loginWithoutAccess</a></td><td rowspan="1">1714445396229</td><td rowspan="1">2413</td></tr></tbody>
<tbody id="t1"><tr><th colspan="4">Parking Area Module Test &#8212; failed</th></tr><tr class="failedeven"><td rowspan="1">automation.AdminTest.AreaModuleTest</td><td><a href="#m4">areaPageSelectRow</a></td><td rowspan="1">1714445473523</td><td rowspan="1">25829</td></tr><tr><th colspan="4">Parking Area Module Test &#8212; passed</th></tr><tr class="passedeven"><td rowspan="13">automation.AdminTest.AreaModuleTest</td><td><a href="#m5">areaCodeDupValidation</a></td><td rowspan="1">1714445405459</td><td rowspan="1">20222</td></tr><tr class="passedeven"><td><a href="#m6">areaCreation</a></td><td rowspan="1">1714445703472</td><td rowspan="1">41232</td></tr><tr class="passedeven"><td><a href="#m7">areaNameDupValidation</a></td><td rowspan="1">1714445427989</td><td rowspan="1">23485</td></tr><tr class="passedeven"><td><a href="#m8">areaPagePagenation</a></td><td rowspan="1">1714445454805</td><td rowspan="1">16312</td></tr><tr class="passedeven"><td><a href="#m9">carCapacityInputValidation</a></td><td rowspan="1">1714445511226</td><td rowspan="1">21629</td></tr><tr class="passedeven"><td><a href="#m10">exitCreationAlert</a></td><td rowspan="1">1714445536167</td><td rowspan="1">17698</td></tr><tr class="passedeven"><td><a href="#m11">fixedRateMaxLimit</a></td><td rowspan="1">1714445556859</td><td rowspan="1">23750</td></tr><tr class="passedeven"><td><a href="#m12">motorcycleCapacityInputValidation</a></td><td rowspan="1">1714445583012</td><td rowspan="1">14326</td></tr><tr class="passedeven"><td><a href="#m13">setCMotorcycleCapacityPlusButtonToDisable</a></td><td rowspan="1">1714445599989</td><td rowspan="1">15854</td></tr><tr class="passedeven"><td><a href="#m14">setCarCapacityMinusButtonToDisable</a></td><td rowspan="1">1714445618711</td><td rowspan="1">16270</td></tr><tr class="passedeven"><td><a href="#m15">setCarCapacityPlusButtonToDisable</a></td><td rowspan="1">1714445640754</td><td rowspan="1">15467</td></tr><tr class="passedeven"><td><a href="#m16">setMotorcycleCapacityPlusButtonToDisable</a></td><td rowspan="1">1714445661410</td><td rowspan="1">16193</td></tr><tr class="passedeven"><td><a href="#m17">validateUpdateParkingArea</a></td><td rowspan="1">1714445681013</td><td rowspan="1">19969</td></tr></tbody>
<tbody id="t2"><tr><th colspan="4">User Module Test &#8212; failed</th></tr><tr class="failedeven"><td rowspan="1">automation.AdminTest.UserModuleTest</td><td><a href="#m18">userPageSelectRow</a></td><td rowspan="1">1714445853585</td><td rowspan="1">25827</td></tr><tr><th colspan="4">User Module Test &#8212; passed</th></tr><tr class="passedeven"><td rowspan="10">automation.AdminTest.UserModuleTest</td><td><a href="#m19">adminEnrollment</a></td><td rowspan="1">1714445882067</td><td rowspan="1">27205</td></tr><tr class="passedeven"><td><a href="#m20">cashierEnrollment</a></td><td rowspan="1">1714445912006</td><td rowspan="1">31948</td></tr><tr class="passedeven"><td><a href="#m21">editUserAccount</a></td><td rowspan="1">1714446016426</td><td rowspan="1">15554</td></tr><tr class="passedeven"><td><a href="#m22">encoderEnrollment</a></td><td rowspan="1">1714445947029</td><td rowspan="1">31258</td></tr><tr class="passedeven"><td><a href="#m23">exitEnrollmentAlert</a></td><td rowspan="1">1714445747741</td><td rowspan="1">14236</td></tr><tr class="passedeven"><td><a href="#m24">getCopyUserName</a></td><td rowspan="1">1714445764279</td><td rowspan="1">16379</td></tr><tr class="passedeven"><td><a href="#m25">getCopyUserPassword</a></td><td rowspan="1">1714445783251</td><td rowspan="1">14594</td></tr><tr class="passedeven"><td><a href="#m26">managerEnrollment</a></td><td rowspan="1">1714445982639</td><td rowspan="1">31288</td></tr><tr class="passedeven"><td><a href="#m27">userEmailDupValidation</a></td><td rowspan="1">1714445801196</td><td rowspan="1">15826</td></tr><tr class="passedeven"><td><a href="#m28">userPagePagenation</a></td><td rowspan="1">1714445829256</td><td rowspan="1">21460</td></tr></tbody>
<tbody id="t3"><tr><th colspan="4">Filter And Search Test &#8212; passed</th></tr><tr class="passedeven"><td rowspan="7">automation.AdminTest.FilterAndSearchTest</td><td><a href="#m29">filterByAdminRole</a></td><td rowspan="1">1714446034375</td><td rowspan="1">10697</td></tr><tr class="passedeven"><td><a href="#m30">filterByEncoderRole</a></td><td rowspan="1">1714446047460</td><td rowspan="1">10723</td></tr><tr class="passedeven"><td><a href="#m31">parkingAreaCodeSearch</a></td><td rowspan="1">1714446060868</td><td rowspan="1">15031</td></tr><tr class="passedeven"><td><a href="#m32">parkingNameSearch</a></td><td rowspan="1">1714446078198</td><td rowspan="1">13003</td></tr><tr class="passedeven"><td><a href="#m33">userEmailSearch</a></td><td rowspan="1">1714446111081</td><td rowspan="1">7392</td></tr><tr class="passedeven"><td><a href="#m34">userFirstNameSearch</a></td><td rowspan="1">1714446093254</td><td rowspan="1">6964</td></tr><tr class="passedeven"><td><a href="#m35">userLastNameSearch</a></td><td rowspan="1">1714446102178</td><td rowspan="1">6957</td></tr></tbody>
<tbody id="t4"><tr><th colspan="4">Permission Test &#8212; failed</th></tr><tr class="failedeven"><td rowspan="3">automation.AdminTest.PermissionTest</td><td><a href="#m36">encoderWithAllowExitToTrue</a></td><td rowspan="1">1714446195369</td><td rowspan="1">27333</td></tr><tr class="failedeven"><td><a href="#m37">encoderWithCaptureVehicleSetToTrue</a></td><td rowspan="1">1714446280536</td><td rowspan="1">45124</td></tr><tr class="failedeven"><td><a href="#m38">encoderWithPaymentAcceptanceSetToTrue</a></td><td rowspan="1">1714446387257</td><td rowspan="1">27708</td></tr><tr><th colspan="4">Permission Test &#8212; retried</th></tr><tr class="retriedeven"><td rowspan="3">automation.AdminTest.PermissionTest</td><td><a href="#m39">encoderWithAllowExitToTrue</a></td><td rowspan="1">1714446142164</td><td rowspan="1">49866</td></tr><tr class="retriedeven"><td><a href="#m40">encoderWithCaptureVehicleSetToTrue</a></td><td rowspan="1">1714446225959</td><td rowspan="1">51096</td></tr><tr class="retriedeven"><td><a href="#m41">encoderWithPaymentAcceptanceSetToTrue</a></td><td rowspan="1">1714446352890</td><td rowspan="1">30785</td></tr><tr><th colspan="4">Permission Test &#8212; passed</th></tr><tr class="passedeven"><td rowspan="5">automation.AdminTest.PermissionTest</td><td><a href="#m42">adminWithRestrictedStatus</a></td><td rowspan="1">1714446490327</td><td rowspan="1">11382</td></tr><tr class="passedeven"><td><a href="#m43">encoderWithActiveStatus</a></td><td rowspan="1">1714446120765</td><td rowspan="1">10119</td></tr><tr class="passedeven"><td><a href="#m44">encoderWithPaymentAcceptanceSetToFalse</a></td><td rowspan="1">1714446331507</td><td rowspan="1">17848</td></tr><tr class="passedeven"><td><a href="#m45">encoderWithRestrictedStatusDesktopLogin</a></td><td rowspan="1">1714446418556</td><td rowspan="1">20842</td></tr><tr class="passedeven"><td><a href="#m46">encoderWithRestrictedStatusMobileAppLogin</a></td><td rowspan="1">1714446451427</td><td rowspan="1">35793</td></tr></tbody>
</table>
<h2>Login Test</h2><h3 id="m0">automation.AdminTest.AllLoginTest#loginWithAccess</h3><table class="result"><tr><th class="invisible"/></tr></table><p class="totop"><a href="#summary">back to summary</a></p>
<h3 id="m1">automation.AdminTest.AllLoginTest#loginWithInvalidPassword</h3><table class="result"><tr><th class="invisible"/></tr></table><p class="totop"><a href="#summary">back to summary</a></p>
<h3 id="m2">automation.AdminTest.AllLoginTest#loginWithInvalidUserName</h3><table class="result"><tr><th class="invisible"/></tr></table><p class="totop"><a href="#summary">back to summary</a></p>
<h3 id="m3">automation.AdminTest.AllLoginTest#loginWithoutAccess</h3><table class="result"><tr><th class="invisible"/></tr></table><p class="totop"><a href="#summary">back to summary</a></p>
<h2>Parking Area Module Test</h2><h3 id="m4">automation.AdminTest.AreaModuleTest#areaPageSelectRow</h3><table class="result"><tr><th>Exception</th></tr><tr><td><div class="stacktrace">java.lang.AssertionError: expected [true] but found [false]
	at automation.AdminTest.AreaModuleTest.areaPageSelectRow(AreaModuleTest.java:100)
	at java.base/java.util.ArrayList.forEach(ArrayList.java:1596)
... Removed 33 stack frames</div></td></tr></table><p class="totop"><a href="#summary">back to summary</a></p>
<h3 id="m5">automation.AdminTest.AreaModuleTest#areaCodeDupValidation</h3><table class="result"><tr><th class="invisible"/></tr></table><p class="totop"><a href="#summary">back to summary</a></p>
<h3 id="m6">automation.AdminTest.AreaModuleTest#areaCreation</h3><table class="result"><tr><th class="invisible"/></tr></table><p class="totop"><a href="#summary">back to summary</a></p>
<h3 id="m7">automation.AdminTest.AreaModuleTest#areaNameDupValidation</h3><table class="result"><tr><th class="invisible"/></tr></table><p class="totop"><a href="#summary">back to summary</a></p>
<h3 id="m8">automation.AdminTest.AreaModuleTest#areaPagePagenation</h3><table class="result"><tr><th class="invisible"/></tr></table><p class="totop"><a href="#summary">back to summary</a></p>
<h3 id="m9">automation.AdminTest.AreaModuleTest#carCapacityInputValidation</h3><table class="result"><tr><th class="invisible"/></tr></table><p class="totop"><a href="#summary">back to summary</a></p>
<h3 id="m10">automation.AdminTest.AreaModuleTest#exitCreationAlert</h3><table class="result"><tr><th class="invisible"/></tr></table><p class="totop"><a href="#summary">back to summary</a></p>
<h3 id="m11">automation.AdminTest.AreaModuleTest#fixedRateMaxLimit</h3><table class="result"><tr><th class="invisible"/></tr></table><p class="totop"><a href="#summary">back to summary</a></p>
<h3 id="m12">automation.AdminTest.AreaModuleTest#motorcycleCapacityInputValidation</h3><table class="result"><tr><th class="invisible"/></tr></table><p class="totop"><a href="#summary">back to summary</a></p>
<h3 id="m13">automation.AdminTest.AreaModuleTest#setCMotorcycleCapacityPlusButtonToDisable</h3><table class="result"><tr><th class="invisible"/></tr></table><p class="totop"><a href="#summary">back to summary</a></p>
<h3 id="m14">automation.AdminTest.AreaModuleTest#setCarCapacityMinusButtonToDisable</h3><table class="result"><tr><th class="invisible"/></tr></table><p class="totop"><a href="#summary">back to summary</a></p>
<h3 id="m15">automation.AdminTest.AreaModuleTest#setCarCapacityPlusButtonToDisable</h3><table class="result"><tr><th class="invisible"/></tr></table><p class="totop"><a href="#summary">back to summary</a></p>
<h3 id="m16">automation.AdminTest.AreaModuleTest#setMotorcycleCapacityPlusButtonToDisable</h3><table class="result"><tr><th class="invisible"/></tr></table><p class="totop"><a href="#summary">back to summary</a></p>
<h3 id="m17">automation.AdminTest.AreaModuleTest#validateUpdateParkingArea</h3><table class="result"><tr><th class="invisible"/></tr></table><p class="totop"><a href="#summary">back to summary</a></p>
<h2>User Module Test</h2><h3 id="m18">automation.AdminTest.UserModuleTest#userPageSelectRow</h3><table class="result"><tr><th>Exception</th></tr><tr><td><div class="stacktrace">java.lang.AssertionError: expected [true] but found [false]
	at automation.AdminTest.UserModuleTest.userPageSelectRow(UserModuleTest.java:126)
	at java.base/java.util.ArrayList.forEach(ArrayList.java:1596)
... Removed 33 stack frames</div></td></tr></table><p class="totop"><a href="#summary">back to summary</a></p>
<h3 id="m19">automation.AdminTest.UserModuleTest#adminEnrollment</h3><table class="result"><tr><th class="invisible"/></tr></table><p class="totop"><a href="#summary">back to summary</a></p>
<h3 id="m20">automation.AdminTest.UserModuleTest#cashierEnrollment</h3><table class="result"><tr><th class="invisible"/></tr></table><p class="totop"><a href="#summary">back to summary</a></p>
<h3 id="m21">automation.AdminTest.UserModuleTest#editUserAccount</h3><table class="result"><tr><th class="invisible"/></tr></table><p class="totop"><a href="#summary">back to summary</a></p>
<h3 id="m22">automation.AdminTest.UserModuleTest#encoderEnrollment</h3><table class="result"><tr><th class="invisible"/></tr></table><p class="totop"><a href="#summary">back to summary</a></p>
<h3 id="m23">automation.AdminTest.UserModuleTest#exitEnrollmentAlert</h3><table class="result"><tr><th class="invisible"/></tr></table><p class="totop"><a href="#summary">back to summary</a></p>
<h3 id="m24">automation.AdminTest.UserModuleTest#getCopyUserName</h3><table class="result"><tr><th class="invisible"/></tr></table><p class="totop"><a href="#summary">back to summary</a></p>
<h3 id="m25">automation.AdminTest.UserModuleTest#getCopyUserPassword</h3><table class="result"><tr><th class="invisible"/></tr></table><p class="totop"><a href="#summary">back to summary</a></p>
<h3 id="m26">automation.AdminTest.UserModuleTest#managerEnrollment</h3><table class="result"><tr><th class="invisible"/></tr></table><p class="totop"><a href="#summary">back to summary</a></p>
<h3 id="m27">automation.AdminTest.UserModuleTest#userEmailDupValidation</h3><table class="result"><tr><th class="invisible"/></tr></table><p class="totop"><a href="#summary">back to summary</a></p>
<h3 id="m28">automation.AdminTest.UserModuleTest#userPagePagenation</h3><table class="result"><tr><th class="invisible"/></tr></table><p class="totop"><a href="#summary">back to summary</a></p>
<h2>Filter And Search Test</h2><h3 id="m29">automation.AdminTest.FilterAndSearchTest#filterByAdminRole</h3><table class="result"><tr><th class="invisible"/></tr></table><p class="totop"><a href="#summary">back to summary</a></p>
<h3 id="m30">automation.AdminTest.FilterAndSearchTest#filterByEncoderRole</h3><table class="result"><tr><th class="invisible"/></tr></table><p class="totop"><a href="#summary">back to summary</a></p>
<h3 id="m31">automation.AdminTest.FilterAndSearchTest#parkingAreaCodeSearch</h3><table class="result"><tr class="param"><th>Parameter #1</th></tr><tr class="param stripe"><td>{password=SuperUser123!?, username=superuser}</td></tr></table><p class="totop"><a href="#summary">back to summary</a></p>
<h3 id="m32">automation.AdminTest.FilterAndSearchTest#parkingNameSearch</h3><table class="result"><tr class="param"><th>Parameter #1</th></tr><tr class="param stripe"><td>{password=SuperUser123!?, username=superuser}</td></tr></table><p class="totop"><a href="#summary">back to summary</a></p>
<h3 id="m33">automation.AdminTest.FilterAndSearchTest#userEmailSearch</h3><table class="result"><tr><th class="invisible"/></tr></table><p class="totop"><a href="#summary">back to summary</a></p>
<h3 id="m34">automation.AdminTest.FilterAndSearchTest#userFirstNameSearch</h3><table class="result"><tr><th class="invisible"/></tr></table><p class="totop"><a href="#summary">back to summary</a></p>
<h3 id="m35">automation.AdminTest.FilterAndSearchTest#userLastNameSearch</h3><table class="result"><tr><th class="invisible"/></tr></table><p class="totop"><a href="#summary">back to summary</a></p>
<h2>Permission Test</h2><h3 id="m36">automation.AdminTest.PermissionTest#encoderWithAllowExitToTrue</h3><table class="result"><tr><th>Exception</th></tr><tr><td><div class="stacktrace">org.openqa.selenium.NoSuchElementException: no such element: Unable to locate element: {&quot;method&quot;:&quot;css selector&quot;,&quot;selector&quot;:&quot;input[placeholder=&apos;Input Parking Details&apos;]&quot;}
  (Session info: chrome-headless-shell=124.0.6367.92)
For documentation on this error, please visit: https://www.selenium.dev/documentation/webdriver/troubleshooting/errors#no-such-element-exception
Build info: version: &apos;4.17.0&apos;, revision: &apos;e52b1be057*&apos;
System info: os.name: &apos;Windows 10&apos;, os.arch: &apos;amd64&apos;, os.version: &apos;10.0&apos;, java.version: &apos;21.0.1&apos;
Driver info: org.openqa.selenium.chrome.ChromeDriver
Command: [177a6f000a65d84dd679ba079dde954d, findElement {value=input[placeholder=&apos;Input Parking Details&apos;], using=css selector}]
Capabilities {acceptInsecureCerts: false, browserName: chrome-headless-shell, browserVersion: 124.0.6367.92, chrome: {chromedriverVersion: 124.0.6367.91 (51df0e5e17a8..., userDataDir: C:\Users\LOCAL_~1.CAS\AppDa...}, fedcm:accounts: true, goog:chromeOptions: {debuggerAddress: localhost:61568}, networkConnectionEnabled: false, pageLoadStrategy: normal, platformName: windows, proxy: Proxy(), se:cdp: ws://localhost:61568/devtoo..., se:cdpVersion: 124.0.6367.92, setWindowRect: true, strictFileInteractability: false, timeouts: {implicit: 0, pageLoad: 300000, script: 30000}, unhandledPromptBehavior: dismiss and notify, webauthn:extension:credBlob: true, webauthn:extension:largeBlob: true, webauthn:extension:minPinLength: true, webauthn:extension:prf: true, webauthn:virtualAuthenticators: true}
Session ID: 177a6f000a65d84dd679ba079dde954d
	at org.openqa.selenium.remote.codec.w3c.W3CHttpResponseCodec.createException(W3CHttpResponseCodec.java:185)
	at org.openqa.selenium.remote.codec.w3c.W3CHttpResponseCodec.decode(W3CHttpResponseCodec.java:134)
	at org.openqa.selenium.remote.codec.w3c.W3CHttpResponseCodec.decode(W3CHttpResponseCodec.java:51)
	at org.openqa.selenium.remote.HttpCommandExecutor.execute(HttpCommandExecutor.java:190)
	at org.openqa.selenium.remote.service.DriverCommandExecutor.invokeExecute(DriverCommandExecutor.java:216)
	at org.openqa.selenium.remote.service.DriverCommandExecutor.execute(DriverCommandExecutor.java:174)
	at org.openqa.selenium.remote.RemoteWebDriver.execute(RemoteWebDriver.java:519)
	at org.openqa.selenium.remote.ElementLocation$ElementFinder$2.findElement(ElementLocation.java:165)
	at org.openqa.selenium.remote.ElementLocation.findElement(ElementLocation.java:59)
	at org.openqa.selenium.remote.RemoteWebDriver.findElement(RemoteWebDriver.java:356)
	at org.openqa.selenium.remote.RemoteWebDriver.findElement(RemoteWebDriver.java:350)
	at org.openqa.selenium.support.pagefactory.DefaultElementLocator.findElement(DefaultElementLocator.java:68)
	at org.openqa.selenium.support.pagefactory.internal.LocatingElementHandler.invoke(LocatingElementHandler.java:38)
	at jdk.proxy2/jdk.proxy2.$Proxy15.sendKeys(Unknown Source)
	at automation.PageObject.Permissions.validateButtonIsDisplayed(Permissions.java:291)
	at automation.PageObject.Permissions.allowExitValidation(Permissions.java:276)
	at automation.AdminTest.PermissionTest.encoderWithAllowExitToTrue(PermissionTest.java:83)
	at java.base/java.util.ArrayList.forEach(ArrayList.java:1596)
... Removed 32 stack frames</div></td></tr></table><p class="totop"><a href="#summary">back to summary</a></p>
<h3 id="m37">automation.AdminTest.PermissionTest#encoderWithCaptureVehicleSetToTrue</h3><table class="result"><tr><th>Exception</th></tr><tr><td><div class="stacktrace">org.openqa.selenium.TimeoutException: Expected condition failed: waiting for visibility of Proxy element for: DefaultElementLocator &apos;By.xpath: //section/div[1]/button[2]&apos; (tried for 15 second(s) with 500 milliseconds interval)
	at org.openqa.selenium.support.ui.WebDriverWait.timeoutException(WebDriverWait.java:84)
	at org.openqa.selenium.support.ui.FluentWait.until(FluentWait.java:228)
	at automation.AbstractComponents.AbstractComponent.waitForWebElementToAppear(AbstractComponent.java:47)
	at automation.PageObject.Permissions.validationForEntryEncoder(Permissions.java:265)
	at automation.AdminTest.PermissionTest.encoderWithCaptureVehicleSetToTrue(PermissionTest.java:56)
	at java.base/java.util.ArrayList.forEach(ArrayList.java:1596)
Caused by: org.openqa.selenium.NoSuchElementException: no such element: Unable to locate element: {&quot;method&quot;:&quot;xpath&quot;,&quot;selector&quot;:&quot;//section/div[1]/button[2]&quot;}
  (Session info: chrome-headless-shell=124.0.6367.92)
For documentation on this error, please visit: https://www.selenium.dev/documentation/webdriver/troubleshooting/errors#no-such-element-exception
Build info: version: &apos;4.17.0&apos;, revision: &apos;e52b1be057*&apos;
System info: os.name: &apos;Windows 10&apos;, os.arch: &apos;amd64&apos;, os.version: &apos;10.0&apos;, java.version: &apos;21.0.1&apos;
Driver info: org.openqa.selenium.chrome.ChromeDriver
Command: [6432bd590ae73751797db4268d11ee5c, findElement {value=//section/div[1]/button[2], using=xpath}]
Capabilities {acceptInsecureCerts: false, browserName: chrome-headless-shell, browserVersion: 124.0.6367.92, chrome: {chromedriverVersion: 124.0.6367.91 (51df0e5e17a8..., userDataDir: C:\Users\LOCAL_~1.CAS\AppDa...}, fedcm:accounts: true, goog:chromeOptions: {debuggerAddress: localhost:61725}, networkConnectionEnabled: false, pageLoadStrategy: normal, platformName: windows, proxy: Proxy(), se:cdp: ws://localhost:61725/devtoo..., se:cdpVersion: 124.0.6367.92, setWindowRect: true, strictFileInteractability: false, timeouts: {implicit: 0, pageLoad: 300000, script: 30000}, unhandledPromptBehavior: dismiss and notify, webauthn:extension:credBlob: true, webauthn:extension:largeBlob: true, webauthn:extension:minPinLength: true, webauthn:extension:prf: true, webauthn:virtualAuthenticators: true}
Session ID: 6432bd590ae73751797db4268d11ee5c
	at org.openqa.selenium.remote.codec.w3c.W3CHttpResponseCodec.createException(W3CHttpResponseCodec.java:185)
	at org.openqa.selenium.remote.codec.w3c.W3CHttpResponseCodec.decode(W3CHttpResponseCodec.java:134)
	at org.openqa.selenium.remote.codec.w3c.W3CHttpResponseCodec.decode(W3CHttpResponseCodec.java:51)
	at org.openqa.selenium.remote.HttpCommandExecutor.execute(HttpCommandExecutor.java:190)
	at org.openqa.selenium.remote.service.DriverCommandExecutor.invokeExecute(DriverCommandExecutor.java:216)
	at org.openqa.selenium.remote.service.DriverCommandExecutor.execute(DriverCommandExecutor.java:174)
	at org.openqa.selenium.remote.RemoteWebDriver.execute(RemoteWebDriver.java:519)
	at org.openqa.selenium.remote.ElementLocation$ElementFinder$2.findElement(ElementLocation.java:165)
	at org.openqa.selenium.remote.ElementLocation.findElement(ElementLocation.java:59)
	at org.openqa.selenium.remote.RemoteWebDriver.findElement(RemoteWebDriver.java:356)
	at org.openqa.selenium.remote.RemoteWebDriver.findElement(RemoteWebDriver.java:350)
	at org.openqa.selenium.support.pagefactory.DefaultElementLocator.findElement(DefaultElementLocator.java:68)
	at org.openqa.selenium.support.pagefactory.internal.LocatingElementHandler.invoke(LocatingElementHandler.java:38)
	at jdk.proxy2/jdk.proxy2.$Proxy15.isDisplayed(Unknown Source)
	at org.openqa.selenium.support.ui.ExpectedConditions.elementIfVisible(ExpectedConditions.java:304)
	at org.openqa.selenium.support.ui.ExpectedConditions$10.apply(ExpectedConditions.java:290)
	at org.openqa.selenium.support.ui.ExpectedConditions$10.apply(ExpectedConditions.java:287)
	at org.openqa.selenium.support.ui.FluentWait.until(FluentWait.java:203)
	... 33 more
... Removed 32 stack frames</div></td></tr></table><p class="totop"><a href="#summary">back to summary</a></p>
<h3 id="m38">automation.AdminTest.PermissionTest#encoderWithPaymentAcceptanceSetToTrue</h3><table class="result"><tr><th>Exception</th></tr><tr><td><div class="stacktrace">org.openqa.selenium.NoSuchElementException: no such element: Unable to locate element: {&quot;method&quot;:&quot;xpath&quot;,&quot;selector&quot;:&quot;//*[text()=&apos;Receive Parking Payment&apos;]&quot;}
  (Session info: chrome-headless-shell=124.0.6367.92)
For documentation on this error, please visit: https://www.selenium.dev/documentation/webdriver/troubleshooting/errors#no-such-element-exception
Build info: version: &apos;4.17.0&apos;, revision: &apos;e52b1be057*&apos;
System info: os.name: &apos;Windows 10&apos;, os.arch: &apos;amd64&apos;, os.version: &apos;10.0&apos;, java.version: &apos;21.0.1&apos;
Driver info: org.openqa.selenium.chrome.ChromeDriver
Command: [f97da85876c956e1c516295fd4e1755c, findElement {value=//*[text()=&apos;Receive Parking Payment&apos;], using=xpath}]
Capabilities {acceptInsecureCerts: false, browserName: chrome-headless-shell, browserVersion: 124.0.6367.92, chrome: {chromedriverVersion: 124.0.6367.91 (51df0e5e17a8..., userDataDir: C:\Users\LOCAL_~1.CAS\AppDa...}, fedcm:accounts: true, goog:chromeOptions: {debuggerAddress: localhost:61889}, networkConnectionEnabled: false, pageLoadStrategy: normal, platformName: windows, proxy: Proxy(), se:cdp: ws://localhost:61889/devtoo..., se:cdpVersion: 124.0.6367.92, setWindowRect: true, strictFileInteractability: false, timeouts: {implicit: 0, pageLoad: 300000, script: 30000}, unhandledPromptBehavior: dismiss and notify, webauthn:extension:credBlob: true, webauthn:extension:largeBlob: true, webauthn:extension:minPinLength: true, webauthn:extension:prf: true, webauthn:virtualAuthenticators: true}
Session ID: f97da85876c956e1c516295fd4e1755c
	at org.openqa.selenium.remote.codec.w3c.W3CHttpResponseCodec.createException(W3CHttpResponseCodec.java:185)
	at org.openqa.selenium.remote.codec.w3c.W3CHttpResponseCodec.decode(W3CHttpResponseCodec.java:134)
	at org.openqa.selenium.remote.codec.w3c.W3CHttpResponseCodec.decode(W3CHttpResponseCodec.java:51)
	at org.openqa.selenium.remote.HttpCommandExecutor.execute(HttpCommandExecutor.java:190)
	at org.openqa.selenium.remote.service.DriverCommandExecutor.invokeExecute(DriverCommandExecutor.java:216)
	at org.openqa.selenium.remote.service.DriverCommandExecutor.execute(DriverCommandExecutor.java:174)
	at org.openqa.selenium.remote.RemoteWebDriver.execute(RemoteWebDriver.java:519)
	at org.openqa.selenium.remote.ElementLocation$ElementFinder$2.findElement(ElementLocation.java:165)
	at org.openqa.selenium.remote.ElementLocation.findElement(ElementLocation.java:59)
	at org.openqa.selenium.remote.RemoteWebDriver.findElement(RemoteWebDriver.java:356)
	at org.openqa.selenium.remote.RemoteWebDriver.findElement(RemoteWebDriver.java:350)
	at org.openqa.selenium.support.pagefactory.DefaultElementLocator.findElement(DefaultElementLocator.java:68)
	at org.openqa.selenium.support.pagefactory.internal.LocatingElementHandler.invoke(LocatingElementHandler.java:38)
	at jdk.proxy2/jdk.proxy2.$Proxy15.isEnabled(Unknown Source)
	at automation.PageObject.Permissions.PaymentAcceptanceSetToTrueLoginValidation(Permissions.java:281)
	at automation.AdminTest.PermissionTest.encoderWithPaymentAcceptanceSetToTrue(PermissionTest.java:74)
	at java.base/java.util.ArrayList.forEach(ArrayList.java:1596)
... Removed 32 stack frames</div></td></tr></table><p class="totop"><a href="#summary">back to summary</a></p>
<h3 id="m39">automation.AdminTest.PermissionTest#encoderWithAllowExitToTrue</h3><table class="result"><tr><th>Exception</th></tr><tr><td><div class="stacktrace">org.openqa.selenium.NoSuchElementException: no such element: Unable to locate element: {&quot;method&quot;:&quot;css selector&quot;,&quot;selector&quot;:&quot;input[placeholder=&apos;Input Parking Details&apos;]&quot;}
  (Session info: chrome-headless-shell=124.0.6367.92)
For documentation on this error, please visit: https://www.selenium.dev/documentation/webdriver/troubleshooting/errors#no-such-element-exception
Build info: version: &apos;4.17.0&apos;, revision: &apos;e52b1be057*&apos;
System info: os.name: &apos;Windows 10&apos;, os.arch: &apos;amd64&apos;, os.version: &apos;10.0&apos;, java.version: &apos;21.0.1&apos;
Driver info: org.openqa.selenium.chrome.ChromeDriver
Command: [5d6dd7e9de70d0874754cce7428c9f43, findElement {value=input[placeholder=&apos;Input Parking Details&apos;], using=css selector}]
Capabilities {acceptInsecureCerts: false, browserName: chrome-headless-shell, browserVersion: 124.0.6367.92, chrome: {chromedriverVersion: 124.0.6367.91 (51df0e5e17a8..., userDataDir: C:\Users\LOCAL_~1.CAS\AppDa...}, fedcm:accounts: true, goog:chromeOptions: {debuggerAddress: localhost:61166}, networkConnectionEnabled: false, pageLoadStrategy: normal, platformName: windows, proxy: Proxy(), se:cdp: ws://localhost:61166/devtoo..., se:cdpVersion: 124.0.6367.92, setWindowRect: true, strictFileInteractability: false, timeouts: {implicit: 0, pageLoad: 300000, script: 30000}, unhandledPromptBehavior: dismiss and notify, webauthn:extension:credBlob: true, webauthn:extension:largeBlob: true, webauthn:extension:minPinLength: true, webauthn:extension:prf: true, webauthn:virtualAuthenticators: true}
Session ID: 5d6dd7e9de70d0874754cce7428c9f43
	at org.openqa.selenium.remote.codec.w3c.W3CHttpResponseCodec.createException(W3CHttpResponseCodec.java:185)
	at org.openqa.selenium.remote.codec.w3c.W3CHttpResponseCodec.decode(W3CHttpResponseCodec.java:134)
	at org.openqa.selenium.remote.codec.w3c.W3CHttpResponseCodec.decode(W3CHttpResponseCodec.java:51)
	at org.openqa.selenium.remote.HttpCommandExecutor.execute(HttpCommandExecutor.java:190)
	at org.openqa.selenium.remote.service.DriverCommandExecutor.invokeExecute(DriverCommandExecutor.java:216)
	at org.openqa.selenium.remote.service.DriverCommandExecutor.execute(DriverCommandExecutor.java:174)
	at org.openqa.selenium.remote.RemoteWebDriver.execute(RemoteWebDriver.java:519)
	at org.openqa.selenium.remote.ElementLocation$ElementFinder$2.findElement(ElementLocation.java:165)
	at org.openqa.selenium.remote.ElementLocation.findElement(ElementLocation.java:59)
	at org.openqa.selenium.remote.RemoteWebDriver.findElement(RemoteWebDriver.java:356)
	at org.openqa.selenium.remote.RemoteWebDriver.findElement(RemoteWebDriver.java:350)
	at org.openqa.selenium.support.pagefactory.DefaultElementLocator.findElement(DefaultElementLocator.java:68)
	at org.openqa.selenium.support.pagefactory.internal.LocatingElementHandler.invoke(LocatingElementHandler.java:38)
	at jdk.proxy2/jdk.proxy2.$Proxy15.sendKeys(Unknown Source)
	at automation.PageObject.Permissions.validateButtonIsDisplayed(Permissions.java:291)
	at automation.PageObject.Permissions.allowExitValidation(Permissions.java:276)
	at automation.AdminTest.PermissionTest.encoderWithAllowExitToTrue(PermissionTest.java:83)
	at java.base/java.util.ArrayList.forEach(ArrayList.java:1596)
... Removed 32 stack frames</div></td></tr></table><p class="totop"><a href="#summary">back to summary</a></p>
<h3 id="m40">automation.AdminTest.PermissionTest#encoderWithCaptureVehicleSetToTrue</h3><table class="result"><tr><th>Exception</th></tr><tr><td><div class="stacktrace">org.openqa.selenium.TimeoutException: Expected condition failed: waiting for visibility of Proxy element for: DefaultElementLocator &apos;By.xpath: //section/div[1]/button[2]&apos; (tried for 15 second(s) with 500 milliseconds interval)
	at org.openqa.selenium.support.ui.WebDriverWait.timeoutException(WebDriverWait.java:84)
	at org.openqa.selenium.support.ui.FluentWait.until(FluentWait.java:228)
	at automation.AbstractComponents.AbstractComponent.waitForWebElementToAppear(AbstractComponent.java:47)
	at automation.PageObject.Permissions.validationForEntryEncoder(Permissions.java:265)
	at automation.AdminTest.PermissionTest.encoderWithCaptureVehicleSetToTrue(PermissionTest.java:56)
	at java.base/java.util.ArrayList.forEach(ArrayList.java:1596)
Caused by: org.openqa.selenium.NoSuchElementException: no such element: Unable to locate element: {&quot;method&quot;:&quot;xpath&quot;,&quot;selector&quot;:&quot;//section/div[1]/button[2]&quot;}
  (Session info: chrome-headless-shell=124.0.6367.92)
For documentation on this error, please visit: https://www.selenium.dev/documentation/webdriver/troubleshooting/errors#no-such-element-exception
Build info: version: &apos;4.17.0&apos;, revision: &apos;e52b1be057*&apos;
System info: os.name: &apos;Windows 10&apos;, os.arch: &apos;amd64&apos;, os.version: &apos;10.0&apos;, java.version: &apos;21.0.1&apos;
Driver info: org.openqa.selenium.chrome.ChromeDriver
Command: [b7c43d3b3cf8dc7e05f5aed3dadc2072, findElement {value=//section/div[1]/button[2], using=xpath}]
Capabilities {acceptInsecureCerts: false, browserName: chrome-headless-shell, browserVersion: 124.0.6367.92, chrome: {chromedriverVersion: 124.0.6367.91 (51df0e5e17a8..., userDataDir: C:\Users\LOCAL_~1.CAS\AppDa...}, fedcm:accounts: true, goog:chromeOptions: {debuggerAddress: localhost:61621}, networkConnectionEnabled: false, pageLoadStrategy: normal, platformName: windows, proxy: Proxy(), se:cdp: ws://localhost:61621/devtoo..., se:cdpVersion: 124.0.6367.92, setWindowRect: true, strictFileInteractability: false, timeouts: {implicit: 0, pageLoad: 300000, script: 30000}, unhandledPromptBehavior: dismiss and notify, webauthn:extension:credBlob: true, webauthn:extension:largeBlob: true, webauthn:extension:minPinLength: true, webauthn:extension:prf: true, webauthn:virtualAuthenticators: true}
Session ID: b7c43d3b3cf8dc7e05f5aed3dadc2072
	at org.openqa.selenium.remote.codec.w3c.W3CHttpResponseCodec.createException(W3CHttpResponseCodec.java:185)
	at org.openqa.selenium.remote.codec.w3c.W3CHttpResponseCodec.decode(W3CHttpResponseCodec.java:134)
	at org.openqa.selenium.remote.codec.w3c.W3CHttpResponseCodec.decode(W3CHttpResponseCodec.java:51)
	at org.openqa.selenium.remote.HttpCommandExecutor.execute(HttpCommandExecutor.java:190)
	at org.openqa.selenium.remote.service.DriverCommandExecutor.invokeExecute(DriverCommandExecutor.java:216)
	at org.openqa.selenium.remote.service.DriverCommandExecutor.execute(DriverCommandExecutor.java:174)
	at org.openqa.selenium.remote.RemoteWebDriver.execute(RemoteWebDriver.java:519)
	at org.openqa.selenium.remote.ElementLocation$ElementFinder$2.findElement(ElementLocation.java:165)
	at org.openqa.selenium.remote.ElementLocation.findElement(ElementLocation.java:59)
	at org.openqa.selenium.remote.RemoteWebDriver.findElement(RemoteWebDriver.java:356)
	at org.openqa.selenium.remote.RemoteWebDriver.findElement(RemoteWebDriver.java:350)
	at org.openqa.selenium.support.pagefactory.DefaultElementLocator.findElement(DefaultElementLocator.java:68)
	at org.openqa.selenium.support.pagefactory.internal.LocatingElementHandler.invoke(LocatingElementHandler.java:38)
	at jdk.proxy2/jdk.proxy2.$Proxy15.isDisplayed(Unknown Source)
	at org.openqa.selenium.support.ui.ExpectedConditions.elementIfVisible(ExpectedConditions.java:304)
	at org.openqa.selenium.support.ui.ExpectedConditions$10.apply(ExpectedConditions.java:290)
	at org.openqa.selenium.support.ui.ExpectedConditions$10.apply(ExpectedConditions.java:287)
	at org.openqa.selenium.support.ui.FluentWait.until(FluentWait.java:203)
	... 33 more
... Removed 32 stack frames</div></td></tr></table><p class="totop"><a href="#summary">back to summary</a></p>
<h3 id="m41">automation.AdminTest.PermissionTest#encoderWithPaymentAcceptanceSetToTrue</h3><table class="result"><tr><th>Exception</th></tr><tr><td><div class="stacktrace">org.openqa.selenium.NoSuchElementException: no such element: Unable to locate element: {&quot;method&quot;:&quot;xpath&quot;,&quot;selector&quot;:&quot;//*[text()=&apos;Receive Parking Payment&apos;]&quot;}
  (Session info: chrome-headless-shell=124.0.6367.92)
For documentation on this error, please visit: https://www.selenium.dev/documentation/webdriver/troubleshooting/errors#no-such-element-exception
Build info: version: &apos;4.17.0&apos;, revision: &apos;e52b1be057*&apos;
System info: os.name: &apos;Windows 10&apos;, os.arch: &apos;amd64&apos;, os.version: &apos;10.0&apos;, java.version: &apos;21.0.1&apos;
Driver info: org.openqa.selenium.chrome.ChromeDriver
Command: [4892a101e968adbba2843c776c86ea10, findElement {value=//*[text()=&apos;Receive Parking Payment&apos;], using=xpath}]
Capabilities {acceptInsecureCerts: false, browserName: chrome-headless-shell, browserVersion: 124.0.6367.92, chrome: {chromedriverVersion: 124.0.6367.91 (51df0e5e17a8..., userDataDir: C:\Users\LOCAL_~1.CAS\AppDa...}, fedcm:accounts: true, goog:chromeOptions: {debuggerAddress: localhost:61832}, networkConnectionEnabled: false, pageLoadStrategy: normal, platformName: windows, proxy: Proxy(), se:cdp: ws://localhost:61832/devtoo..., se:cdpVersion: 124.0.6367.92, setWindowRect: true, strictFileInteractability: false, timeouts: {implicit: 0, pageLoad: 300000, script: 30000}, unhandledPromptBehavior: dismiss and notify, webauthn:extension:credBlob: true, webauthn:extension:largeBlob: true, webauthn:extension:minPinLength: true, webauthn:extension:prf: true, webauthn:virtualAuthenticators: true}
Session ID: 4892a101e968adbba2843c776c86ea10
	at org.openqa.selenium.remote.codec.w3c.W3CHttpResponseCodec.createException(W3CHttpResponseCodec.java:185)
	at org.openqa.selenium.remote.codec.w3c.W3CHttpResponseCodec.decode(W3CHttpResponseCodec.java:134)
	at org.openqa.selenium.remote.codec.w3c.W3CHttpResponseCodec.decode(W3CHttpResponseCodec.java:51)
	at org.openqa.selenium.remote.HttpCommandExecutor.execute(HttpCommandExecutor.java:190)
	at org.openqa.selenium.remote.service.DriverCommandExecutor.invokeExecute(DriverCommandExecutor.java:216)
	at org.openqa.selenium.remote.service.DriverCommandExecutor.execute(DriverCommandExecutor.java:174)
	at org.openqa.selenium.remote.RemoteWebDriver.execute(RemoteWebDriver.java:519)
	at org.openqa.selenium.remote.ElementLocation$ElementFinder$2.findElement(ElementLocation.java:165)
	at org.openqa.selenium.remote.ElementLocation.findElement(ElementLocation.java:59)
	at org.openqa.selenium.remote.RemoteWebDriver.findElement(RemoteWebDriver.java:356)
	at org.openqa.selenium.remote.RemoteWebDriver.findElement(RemoteWebDriver.java:350)
	at org.openqa.selenium.support.pagefactory.DefaultElementLocator.findElement(DefaultElementLocator.java:68)
	at org.openqa.selenium.support.pagefactory.internal.LocatingElementHandler.invoke(LocatingElementHandler.java:38)
	at jdk.proxy2/jdk.proxy2.$Proxy15.isEnabled(Unknown Source)
	at automation.PageObject.Permissions.PaymentAcceptanceSetToTrueLoginValidation(Permissions.java:281)
	at automation.AdminTest.PermissionTest.encoderWithPaymentAcceptanceSetToTrue(PermissionTest.java:74)
	at java.base/java.util.ArrayList.forEach(ArrayList.java:1596)
... Removed 32 stack frames</div></td></tr></table><p class="totop"><a href="#summary">back to summary</a></p>
<h3 id="m42">automation.AdminTest.PermissionTest#adminWithRestrictedStatus</h3><table class="result"><tr><th class="invisible"/></tr></table><p class="totop"><a href="#summary">back to summary</a></p>
<h3 id="m43">automation.AdminTest.PermissionTest#encoderWithActiveStatus</h3><table class="result"><tr><th class="invisible"/></tr></table><p class="totop"><a href="#summary">back to summary</a></p>
<h3 id="m44">automation.AdminTest.PermissionTest#encoderWithPaymentAcceptanceSetToFalse</h3><table class="result"><tr><th class="invisible"/></tr></table><p class="totop"><a href="#summary">back to summary</a></p>
<h3 id="m45">automation.AdminTest.PermissionTest#encoderWithRestrictedStatusDesktopLogin</h3><table class="result"><tr><th class="invisible"/></tr></table><p class="totop"><a href="#summary">back to summary</a></p>
<h3 id="m46">automation.AdminTest.PermissionTest#encoderWithRestrictedStatusMobileAppLogin</h3><table class="result"><tr><th class="invisible"/></tr></table><p class="totop"><a href="#summary">back to summary</a></p>
</body>
</html>
